<?xml version="1.0" encoding="UTF-8"?>
<testng-results ignored="0" total="4" passed="4" failed="0" skipped="0">
  <reporter-output>
  </reporter-output>
  <suite started-at="2024-12-24T20:05:59 IST" name="Default suite" finished-at="2024-12-24T20:07:16 IST" duration-ms="77204">
    <groups>
    </groups>
    <test started-at="2024-12-24T20:05:59 IST" name="Default test" finished-at="2024-12-24T20:07:16 IST" duration-ms="77204">
      <class name="com.EcommerceApplication.AddToCart">
        <test-method is-config="true" signature="setup()[pri:0, instance:com.EcommerceApplication.AddToCart@16eb3ea3]" started-at="2024-12-24T20:05:59 IST" name="setup" finished-at="2024-12-24T20:06:17 IST" duration-ms="18194" status="PASS">
          <reporter-output>
          </reporter-output>
        </test-method> <!-- setup -->
        <test-method signature="signUp()[pri:1, instance:com.EcommerceApplication.AddToCart@16eb3ea3]" started-at="2024-12-24T20:06:17 IST" name="signUp" finished-at="2024-12-24T20:06:39 IST" duration-ms="21491" status="PASS">
          <reporter-output>
          </reporter-output>
        </test-method> <!-- signUp -->
        <test-method signature="signIn()[pri:2, instance:com.EcommerceApplication.AddToCart@16eb3ea3]" started-at="2024-12-24T20:06:39 IST" name="signIn" finished-at="2024-12-24T20:06:47 IST" duration-ms="7913" status="PASS">
          <reporter-output>
          </reporter-output>
        </test-method> <!-- signIn -->
        <test-method signature="cart()[pri:3, instance:com.EcommerceApplication.AddToCart@16eb3ea3]" started-at="2024-12-24T20:06:47 IST" name="cart" finished-at="2024-12-24T20:07:05 IST" duration-ms="18221" status="PASS">
          <reporter-output>
          </reporter-output>
        </test-method> <!-- cart -->
        <test-method signature="logOut()[pri:4, instance:com.EcommerceApplication.AddToCart@16eb3ea3]" started-at="2024-12-24T20:07:05 IST" name="logOut" finished-at="2024-12-24T20:07:09 IST" duration-ms="3706" status="PASS">
          <reporter-output>
          </reporter-output>
        </test-method> <!-- logOut -->
        <test-method is-config="true" signature="tearDown()[pri:0, instance:com.EcommerceApplication.AddToCart@16eb3ea3]" started-at="2024-12-24T20:07:09 IST" name="tearDown" finished-at="2024-12-24T20:07:16 IST" duration-ms="7087" status="PASS">
          <reporter-output>
          </reporter-output>
        </test-method> <!-- tearDown -->
      </class> <!-- com.EcommerceApplication.AddToCart -->
    </test> <!-- Default test -->
  </suite> <!-- Default suite -->
</testng-results>
