<?xml version="1.0" encoding="UTF-8"?>
<!-- Generated by org.testng.reporters.JUnitXMLReporter -->
<testsuite ignored="0" hostname="DESKTOP-2R4GRRB" failures="0" tests="4" name="Default test" time="77.204" errors="0" timestamp="2024-12-24T20:07:16 IST">
  <testcase classname="com.EcommerceApplication.AddToCart" name="signUp" time="21.491"/>
  <testcase classname="com.EcommerceApplication.AddToCart" name="signIn" time="7.913"/>
  <testcase classname="com.EcommerceApplication.AddToCart" name="cart" time="18.221"/>
  <testcase classname="com.EcommerceApplication.AddToCart" name="logOut" time="3.706"/>
</testsuite> <!-- Default test -->
