<?xml version="1.0" encoding="UTF-8"?>
<!-- Generated by org.testng.reporters.JUnitXMLReporter -->
<testsuite ignored="0" hostname="DESKTOP-2R4GRRB" failures="0" tests="10" name="Default test" time="27.522" errors="0" timestamp="2024-12-24T20:36:24 IST">
  <testcase classname="com.TelecomDomainProject.Telecomprj" name="addNewUser" time="12.984"/>
  <testcase classname="com.TelecomDomainProject.Telecomprj" name="getProfile" time="1.576"/>
  <testcase classname="com.TelecomDomainProject.Telecomprj" name="updateUser" time="1.713"/>
  <testcase classname="com.TelecomDomainProject.Telecomprj" name="loginUser" time="1.582"/>
  <testcase classname="com.TelecomDomainProject.Telecomprj" name="addContact" time="1.714"/>
  <testcase classname="com.TelecomDomainProject.Telecomprj" name="getContactList" time="1.602"/>
  <testcase classname="com.TelecomDomainProject.Telecomprj" name="getContact" time="1.514"/>
  <testcase classname="com.TelecomDomainProject.Telecomprj" name="updateContact" time="1.495"/>
  <testcase classname="com.TelecomDomainProject.Telecomprj" name="updateContactpatch" time="1.478"/>
  <testcase classname="com.TelecomDomainProject.Telecomprj" name="logoutUser" time="1.446"/>
</testsuite> <!-- Default test -->
